<?xml version="1.0" encoding="UTF-8"?>
<testng-results skipped="0" failed="0" ignored="0" total="2" passed="2">
  <reporter-output>
  </reporter-output>
  <suite name="Suite" duration-ms="25" started-at="2018-04-26T07:09:43Z" finished-at="2018-04-26T07:09:44Z">
    <groups>
    </groups>
    <test name="Test" duration-ms="25" started-at="2018-04-26T07:09:43Z" finished-at="2018-04-26T07:09:44Z">
      <class name="Data.Demo1">
        <test-method status="PASS" signature="test()[pri:0, instance:Data.Demo1@1593948d]" name="test" duration-ms="5" started-at="2018-04-26T07:09:44Z" finished-at="2018-04-26T07:09:44Z">
          <reporter-output>
          </reporter-output>
        </test-method> <!-- test -->
        <test-method status="PASS" signature="test1()[pri:0, instance:Data.Demo1@1593948d]" name="test1" duration-ms="1" started-at="2018-04-26T07:09:44Z" finished-at="2018-04-26T07:09:44Z">
          <reporter-output>
          </reporter-output>
        </test-method> <!-- test1 -->
      </class> <!-- Data.Demo1 -->
    </test> <!-- Test -->
  </suite> <!-- Suite -->
</testng-results>
